MPASM  5.14                         ROBOT.ASM   8-17-2015  15:12:45         PAGE  1


LOC  OBJECT CODE     LINE SOURCE TEXT
  VALUE

                      00001 ;Traffic Light System
                      00002 ;Author:lebobtse
                      00003 ;This program switches on Green LED
                      00004 ;for one minute, Amber LED for 10sec
                      00005 ;and Red LED for 1 min 10 sec
                      00006 
                      00007 ;Version 30
                      00008 
Warning[205]: Found directive in column 1. (list)
                      00009 list p = PIC16F84 , r=hex
                      00010 #include <p16f84.inc>
                      00001         LIST
                      00002 ; P16F84.INC  Standard Header File, Version 2.00    Microchip Technology, Inc.
                      00136         LIST
                      00011 
                      00012 ;----Declarations-----
                      00013 
  00000003            00014 Status equ 03H
  00000085            00015 Trisa equ 85H
  00000086            00016 Trisb equ 86H
  00000005            00017 Porta equ 05H
  00000006            00018 Portb equ 06H
  0000000C            00019 count equ 0CH
  0000000D            00020 count1 equ 0DH
  0000000E            00021 count2 equ 0EH
  0000000F            00022 count3 equ 0FH
  00000010            00023 count4 equ 10H
  00000011            00024 count5 equ 11H
                      00025 
                      00026 ;-----Port Initialization----
0000                  00027                         org 0X00
0000   1683           00028                         bsf Status, 5
Message[302]: Register in operand not in bank 0.  Ensure that bank bits are correct.
0001   0185           00029                         clrf Trisa
Message[302]: Register in operand not in bank 0.  Ensure that bank bits are correct.
0002   0186           00030                         clrf Trisb
0003   1283           00031                         bcf Status, 5
0004   2823           00032                         goto start
                      00033 
                      00034 ;--------Subroutine-----------
                      00035 
                      00036 ;----Delay To Generate 10s----
                      00037 
0005   30C8           00038 Delay10s        movlw .200
0006   008E           00039                         movwf count2
0007   3064           00040 loop1           movlw .100
0008   008D           00041                 movwf count1
0009   30A5           00042 loop2           movlw .165
000A   008C           00043                         movwf count
000B   0B8C           00044                         decfsz count, 1
000C   280B           00045                         goto $-1
000D   0B8D           00046                         decfsz count1, 1
000E   2809           00047                         goto loop2
MPASM  5.14                         ROBOT.ASM   8-17-2015  15:12:45         PAGE  2


LOC  OBJECT CODE     LINE SOURCE TEXT
  VALUE

000F   0B8E           00048                         decfsz count2, 1
0010   2807           00049                         goto loop1
0011   0008           00050                         return
                      00051 
                      00052 ;----Delay To Generate 60s----
                      00053 
0012   300A           00054 Delay60s        movlw .10
0013   008F           00055                         movwf count3
0014   3078           00056 loop4           movlw .120
0015   0090           00057                         movwf count4
0016   3064           00058 loop3           movlw .100
0017   008D           00059                         movwf count1
0018   30A5           00060 loop            movlw .165
0019   008C           00061                         movwf count
001A   0B8C           00062                         decfsz count, 1
001B   281A           00063                         goto $-1
001C   0B8D           00064                         decfsz count1, 1
001D   2818           00065                         goto loop
001E   0B90           00066                         decfsz count4, 1
001F   2816           00067                         goto loop3
0020   0B8F           00068                         decfsz count3, 1
0021   2814           00069                         goto loop4
0022   0008           00070                         return
                      00071 
                      00072 ;Main Program
                      00073 
0023   3021           00074 start           movlw b'00100001'
0024   0086           00075                         movwf Portb
0025   2012           00076                         call Delay60s
0026   1286           00077                         bcf Portb, 5   ;clear pin5 (green to off)
0027   1606           00078                         bsf Portb, 4   ;activate port4
0028   2005           00079                         call Delay10s
0029   0186           00080                         clrf Portb     ;clears all port for switch
002A   300C           00081                         movlw b'00001100'
002B   0086           00082                         movwf Portb
002C   2012           00083                         call Delay60s
002D   1106           00084                         bcf Portb, 2
002E   1486           00085                         bsf Portb, 1
002F   2005           00086                         call Delay10s
0030   0186           00087                         clrf Portb
0031   2823           00088                         goto start   ;repeats sequence
                      00089                         end
MPASM  5.14                         ROBOT.ASM   8-17-2015  15:12:45         PAGE  3


SYMBOL TABLE
  LABEL                             VALUE 

C                                 00000000
DC                                00000001
Delay10s                          00000005
Delay60s                          00000012
EEADR                             00000009
EECON1                            00000088
EECON2                            00000089
EEDATA                            00000008
EEIE                              00000006
EEIF                              00000004
F                                 00000001
FSR                               00000004
GIE                               00000007
INDF                              00000000
INTCON                            0000000B
INTE                              00000004
INTEDG                            00000006
INTF                              00000001
IRP                               00000007
NOT_PD                            00000003
NOT_RBPU                          00000007
NOT_TO                            00000004
OPTION_REG                        00000081
PCL                               00000002
PCLATH                            0000000A
PORTA                             00000005
PORTB                             00000006
PS0                               00000000
PS1                               00000001
PS2                               00000002
PSA                               00000003
Porta                             00000005
Portb                             00000006
RBIE                              00000003
RBIF                              00000000
RD                                00000000
RP0                               00000005
RP1                               00000006
STATUS                            00000003
Status                            00000003
T0CS                              00000005
T0IE                              00000005
T0IF                              00000002
T0SE                              00000004
TMR0                              00000001
TRISA                             00000085
TRISB                             00000086
Trisa                             00000085
Trisb                             00000086
W                                 00000000
WR                                00000001
WREN                              00000002
WRERR                             00000003
MPASM  5.14                         ROBOT.ASM   8-17-2015  15:12:45         PAGE  4


SYMBOL TABLE
  LABEL                             VALUE 

Z                                 00000002
_CP_OFF                           00003FFF
_CP_ON                            0000000F
_HS_OSC                           00003FFE
_LP_OSC                           00003FFC
_PWRTE_OFF                        00003FFF
_PWRTE_ON                         00003FF7
_RC_OSC                           00003FFF
_WDT_OFF                          00003FFB
_WDT_ON                           00003FFF
_XT_OSC                           00003FFD
__16F84                           00000001
count                             0000000C
count1                            0000000D
count2                            0000000E
count3                            0000000F
count4                            00000010
count5                            00000011
loop                              00000018
loop1                             00000007
loop2                             00000009
loop3                             00000016
loop4                             00000014
start                             00000023


MEMORY USAGE MAP ('X' = Used,  '-' = Unused)

0000 : XXXXXXXXXXXXXXXX XXXXXXXXXXXXXXXX XXXXXXXXXXXXXXXX XX--------------

All other memory blocks unused.

Program Memory Words Used:    50
Program Memory Words Free:   974


Errors   :     0
Warnings :     1 reported,     0 suppressed
Messages :     2 reported,     0 suppressed

