MPASM  5.50                      UNTITLED.ASM   8-14-2015  23:05:27         PAGE  1


LOC  OBJECT CODE     LINE SOURCE TEXT
  VALUE

                      00001 ;Traffic Light System 
                      00002 ;Author:Thapelo James Pii
                      00003 ;This program switches on Green LED
                      00004 ;for 1 min, Amber LED for 10sec
                      00005 ;and Red LED for 1 min 10 sec
                      00006 
                      00007 ;Version 3.9.1
                      00008 
Warning[205]: Found directive in column 1. (List)
                      00009 List p = PIC16F84 , r=hex
                      00010 #include <p16f84.inc>
                      00001         LIST
                      00002 
                      00003 ;==========================================================================
                      00004 ;  MPASM PIC16F84 processor include
                      00005 ; 
                      00006 ;  (c) Copyright 1999-2013 Microchip Technology, All rights reserved
                      00007 ;==========================================================================
                      00008 
                      00206         LIST
                      00011 
                      00012 ;-----Declarations-----
                      00013 
  00000003            00014 Status equ 03H
  00000085            00015 Trisa equ 85H
  00000086            00016 Trisb equ 86H
  00000005            00017 Porta equ 05H
  00000006            00018 Portb equ 06H
  0000000C            00019 count equ 0CH
  0000000D            00020 count1 equ 0DH
  0000000E            00021 count2 equ 0EH
  0000000F            00022 count3 equ 0FH
  00000010            00023 count4 equ 10H
  00000011            00024 count5 equ 11H
                      00025 
                      00026 ;-----Port Initialization-----
0000                  00027                                                 org 0X00
0000   1683           00028                                                 bsf Status, 5
Message[302]: Register in operand not in bank 0.  Ensure that bank bits are correct.
0001   0185           00029                                                 clrf Trisa
Message[302]: Register in operand not in bank 0.  Ensure that bank bits are correct.
0002   0186           00030                                                 clrf Trisb
0003   1283           00031                                                 bcf Status, 5
0004   2822           00032                                                 goto start
                      00033 ;-----Subroutine-----
                      00034 
0005   30C8           00035 Delay10s        movlw .200
Error[108]  : Illegal character (,)
0006   0080           00036                                                 movwf count, 5
0007   3064           00037 loop1           movlw .100                                              
Message[302]: Register in operand not in bank 0.  Ensure that bank bits are correct.
0008   00A5           00038                                                 movwf .165
0009   300C           00039 loop2           movlw count 
MPASM  5.50                      UNTITLED.ASM   8-14-2015  23:05:27         PAGE  2


LOC  OBJECT CODE     LINE SOURCE TEXT
  VALUE

000A   0B8C           00040                                                 decfsz count, 1
000B   280A           00041                                                 goto $-1
Message[305]: Using default destination of 1 (file).
Error[113]  : Symbol not previously defined (count2.)
Error[112]  : Missing operator
000C   0B80           00042                                                 decfsz count2. 1
000D   2817           00043                                                 goto loop
Message[305]: Using default destination of 1 (file).
Error[113]  : Symbol not previously defined (count5.)
Error[112]  : Missing operator
000E   0B80           00044                                                 decfsz count5. 1
000F   2807           00045                                                 goto loop1
0010   0008           00046                                                 return
                      00047 
                      00048 ;-----Delay To Generate 60s-----
                      00049 
0011   300A           00050 Delay60s        movlw .10
0012   008F           00051                                                 movwf count3
0013   3064           00052 loop4           movlw .100
0014   008E           00053                                                 movwf count2
0015   3078           00054 loop3           movlw .120
0016   008D           00055                                                 movwf count1
0017   30A5           00056 loop            movlw .165      
0018   008C           00057                                                 movwf count
0019   0B8C           00058                                                 decfsz count,1
001A   2819           00059                                                 goto $-1
001B   0B8D           00060                                                 decfsz count1, 1
001C   2817           00061                                                 goto loop
001D   0B8E           00062                                                 decfsz count2, 1
001E   2815           00063                                                 goto loop3
001F   0B8F           00064                                                 decfsz count3, 1
0020   2813           00065                                                 goto loop4
0021   0008           00066                                                 return
                      00067                                                 
                      00068 ;Main Program
                      00069 
0022                  00070 start                                           
0022   3021           00071                                             movlw b'00100001'
0023   2011           00072                                                 call Delay60s
0024   1286           00073                                                 bcf Portb, 5   ;clear pin5 (green to off)
0025   1606           00074                                                 bsf Portb, 4   ;activate port4
0026   2011           00075                                                 call Delay60s
0027   1106           00076                                                 bcf Portb, 2
0028   1486           00077                                                 bsf Portb, 1
0029   2005           00078                                                 call Delay10s
002A   0186           00079                                                 clrf Portb
002B   2822           00080                                                 goto start     ;repeats sequence
                      00081                                                 end
MPASM  5.50                      UNTITLED.ASM   8-14-2015  23:05:27         PAGE  3


SYMBOL TABLE
  LABEL                             VALUE 

C                                 00000000
DC                                00000001
Delay10s                          00000005
Delay60s                          00000011
EEADR                             00000009
EECON1                            00000088
EECON2                            00000089
EEDATA                            00000008
EEIE                              00000006
EEIF                              00000004
F                                 00000001
FSR                               00000004
GIE                               00000007
INDF                              00000000
INTCON                            0000000B
INTE                              00000004
INTEDG                            00000006
INTF                              00000001
IRP                               00000007
NOT_PD                            00000003
NOT_RBPU                          00000007
NOT_TO                            00000004
OPTION_REG                        00000081
PCL                               00000002
PCLATH                            0000000A
PORTA                             00000005
PORTB                             00000006
PS0                               00000000
PS1                               00000001
PS2                               00000002
PSA                               00000003
Porta                             00000005
Portb                             00000006
RA0                               00000000
RA1                               00000001
RA2                               00000002
RA3                               00000003
RA4                               00000004
RB0                               00000000
RB1                               00000001
RB2                               00000002
RB3                               00000003
RB4                               00000004
RB5                               00000005
RB6                               00000006
RB7                               00000007
RBIE                              00000003
RBIF                              00000000
RD                                00000000
RP0                               00000005
RP1                               00000006
STATUS                            00000003
Status                            00000003
MPASM  5.50                      UNTITLED.ASM   8-14-2015  23:05:27         PAGE  4


SYMBOL TABLE
  LABEL                             VALUE 

T0CS                              00000005
T0IE                              00000005
T0IF                              00000002
T0SE                              00000004
TMR0                              00000001
TMR0IE                            00000005
TMR0IF                            00000002
TRISA                             00000085
TRISA0                            00000000
TRISA1                            00000001
TRISA2                            00000002
TRISA3                            00000003
TRISA4                            00000004
TRISB                             00000086
TRISB0                            00000000
TRISB1                            00000001
TRISB2                            00000002
TRISB3                            00000003
TRISB4                            00000004
TRISB5                            00000005
TRISB6                            00000006
TRISB7                            00000007
Trisa                             00000085
Trisb                             00000086
W                                 00000000
WR                                00000001
WREN                              00000002
WRERR                             00000003
Z                                 00000002
_CONFIG                           00002007
_CP_OFF                           00003FFF
_CP_ON                            0000000F
_FOSC_EXTRC                       00003FFF
_FOSC_HS                          00003FFE
_FOSC_LP                          00003FFC
_FOSC_XT                          00003FFD
_HS_OSC                           00003FFE
_IDLOC0                           00002000
_IDLOC1                           00002001
_IDLOC2                           00002002
_IDLOC3                           00002003
_LP_OSC                           00003FFC
_PWRTE_OFF                        00003FFF
_PWRTE_ON                         00003FF7
_RC_OSC                           00003FFF
_WDTE_OFF                         00003FFB
_WDTE_ON                          00003FFF
_WDT_OFF                          00003FFB
_WDT_ON                           00003FFF
_XT_OSC                           00003FFD
__16F84                           00000001
count                             0000000C
count1                            0000000D
MPASM  5.50                      UNTITLED.ASM   8-14-2015  23:05:27         PAGE  5


SYMBOL TABLE
  LABEL                             VALUE 

count2                            0000000E
count3                            0000000F
count4                            00000010
count5                            00000011
loop                              00000017
loop1                             00000007
loop2                             00000009
loop3                             00000015
loop4                             00000013
start                             00000022


MEMORY USAGE MAP ('X' = Used,  '-' = Unused)

0000 : XXXXXXXXXXXXXXXX XXXXXXXXXXXXXXXX XXXXXXXXXXXX---- ----------------

All other memory blocks unused.

Program Memory Words Used:    44
Program Memory Words Free:   980


Errors   :     5
Warnings :     1 reported,     0 suppressed
Messages :     5 reported,     0 suppressed

